time=2024-07-14T12:35:17.634+05:00 level=ERROR msg="email is not registered: sql: no rows in result set"
time=2024-07-14T14:44:42.151+05:00 level=ERROR msg="error getting email from database sql: no rows in result set"
time=2024-07-14T14:44:58.260+05:00 level=ERROR msg="error getting email from database sql: no rows in result set"
time=2024-07-14T14:45:00.391+05:00 level=ERROR msg="error getting email from database sql: no rows in result set"
time=2024-07-14T14:45:00.866+05:00 level=ERROR msg="error getting email from database sql: no rows in result set"
time=2024-07-14T14:45:01.305+05:00 level=ERROR msg="error getting email from database sql: no rows in result set"
time=2024-07-14T14:45:01.516+05:00 level=ERROR msg="error getting email from database sql: no rows in result set"
time=2024-07-14T14:45:44.803+05:00 level=ERROR msg="Password is incorrect crypto/bcrypt: hashedSecret too short to be a bcrypted password"
time=2024-07-14T14:46:31.232+05:00 level=ERROR msg="Error with register User: pq: duplicate key value violates unique constraint \"users_email_key\""
time=2024-07-14T18:20:56.528+05:00 level=ERROR msg="Error with generate access token: failed to parse token: Token is expired"
time=2024-07-14T18:21:17.186+05:00 level=ERROR msg="Invalid refresh token: sql: no rows in result set"
time=2024-07-14T18:21:24.822+05:00 level=ERROR msg="Invalid refresh token: sql: no rows in result set"
time=2024-07-14T18:21:36.541+05:00 level=ERROR msg="Error with generate access token: failed to parse token: Token is expired"
time=2024-07-14T18:27:26.615+05:00 level=ERROR msg="Error with generate access token: failed to parse token: signature is invalid"
time=2024-07-14T18:27:52.789+05:00 level=ERROR msg="Error with generate access token: failed to parse token: Token is expired"
time=2024-07-14T18:32:24.364+05:00 level=ERROR msg="error getting email from database sql: no rows in result set"
time=2024-07-14T18:33:03.797+05:00 level=ERROR msg="Error with register User: pq: duplicate key value violates unique constraint \"users_username_key\""
time=2024-07-15T06:27:28.947+05:00 level=ERROR msg="invalid email: mail: missing '@' or angle-addr"
time=2024-07-15T06:39:17.266+05:00 level=ERROR msg="Password is incorrect crypto/bcrypt: hashedPassword is not the hash of the given password"
time=2024-07-15T06:39:32.618+05:00 level=ERROR msg="Password is incorrect crypto/bcrypt: hashedPassword is not the hash of the given password"
time=2024-07-15T06:39:33.246+05:00 level=ERROR msg="Password is incorrect crypto/bcrypt: hashedPassword is not the hash of the given password"
time=2024-07-15T06:41:05.226+05:00 level=ERROR msg="Password is incorrect crypto/bcrypt: hashedPassword is not the hash of the given password"
time=2024-07-15T07:13:22.837+05:00 level=ERROR msg="error with Getting user profile from db: pq: invalid input syntax for type uuid: \"efrgthgfd\""
time=2024-07-15T07:33:42.070+05:00 level=ERROR msg="error with Validating User from db: sql: no rows in result set"
time=2024-07-15T08:51:17.041+05:00 level=ERROR msg="error with Getting user profile from db: pq: got 4 parameters but the statement requires 5"
time=2024-07-15T09:27:40.224+05:00 level=ERROR msg="error with Getting users from db: pq: syntax error at or near \"users\""
time=2024-07-15T09:28:28.616+05:00 level=ERROR msg="error with Getting users from db: pq: syntax error at or near \"users\""
time=2024-07-15T10:16:38.132+05:00 level=ERROR msg="error with Getting users from db: pq: syntax error at or near \"users\""
time=2024-07-15T10:19:02.799+05:00 level=ERROR msg="error with Getting users from db: pq: syntax error at or near \"users\""
time=2024-07-15T10:20:51.434+05:00 level=ERROR msg="error with Getting users from db: pq: update or delete on table \"users\" violates foreign key constraint \"refresh_tokens_user_id_fkey\" on table \"refresh_tokens\""
time=2024-07-15T10:21:01.685+05:00 level=ERROR msg="error with Getting users from db: pq: update or delete on table \"users\" violates foreign key constraint \"refresh_tokens_user_id_fkey\" on table \"refresh_tokens\""
time=2024-07-15T13:25:43.596+05:00 level=ERROR msg="error with following a user from db: pq: INSERT has more expressions than target columns"
time=2024-07-15T13:28:02.247+05:00 level=ERROR msg="error with following a user from db: pq: duplicate key value violates unique constraint \"following_pkey\""
time=2024-07-15T14:10:11.198+05:00 level=ERROR msg="error with following a user from db: pq: duplicate key value violates unique constraint \"following_pkey\""
time=2024-07-15T14:16:14.095+05:00 level=ERROR msg="error with follower and folloving id are the same"
time=2024-07-15T14:18:28.020+05:00 level=ERROR msg="error with getting a user's followers from db: pq: syntax error at or near \"=\""
time=2024-07-15T15:04:39.889+05:00 level=ERROR msg="error with getting a user's followers from db: sql: no rows in result set"
time=2024-07-15T15:05:00.159+05:00 level=ERROR msg="error with getting a user's followers from db: sql: no rows in result set"
time=2024-07-15T15:05:19.920+05:00 level=ERROR msg="error with getting a user's followers from db: sql: no rows in result set"
time=2024-07-15T15:06:26.211+05:00 level=ERROR msg="error with getting a user's followers from db: sql: no rows in result set"
time=2024-07-15T15:06:58.562+05:00 level=ERROR msg="error with getting a user's followers from db: sql: no rows in result set"
time=2024-07-15T15:07:35.517+05:00 level=ERROR msg="error with getting a user's followers from db: sql: no rows in result set"
time=2024-07-15T15:08:39.093+05:00 level=ERROR msg="error with getting a user's followers from db: sql: no rows in result set"
time=2024-07-15T15:09:34.210+05:00 level=ERROR msg="error with getting a user's followers from db: sql: no rows in result set"
time=2024-07-15T15:09:59.857+05:00 level=ERROR msg="error with getting a user's followers from db: sql: no rows in result set"
time=2024-07-15T15:10:45.551+05:00 level=ERROR msg="error with getting a user's followers from db: sql: no rows in result set"
time=2024-07-15T15:15:35.636+05:00 level=ERROR msg="error with getting a user's followers from db: sql: no rows in result set"
time=2024-07-15T15:15:36.509+05:00 level=ERROR msg="error with getting a user's followers from db: sql: no rows in result set"
time=2024-07-15T15:15:36.678+05:00 level=ERROR msg="error with getting a user's followers from db: sql: no rows in result set"
time=2024-07-15T15:15:36.832+05:00 level=ERROR msg="error with getting a user's followers from db: sql: no rows in result set"
time=2024-07-15T15:15:36.978+05:00 level=ERROR msg="error with getting a user's followers from db: sql: no rows in result set"
time=2024-07-15T15:15:37.179+05:00 level=ERROR msg="error with getting a user's followers from db: sql: no rows in result set"
time=2024-07-15T15:15:37.344+05:00 level=ERROR msg="error with getting a user's followers from db: sql: no rows in result set"
time=2024-07-15T15:15:37.621+05:00 level=ERROR msg="error with getting a user's followers from db: sql: no rows in result set"
time=2024-07-15T15:16:17.066+05:00 level=ERROR msg="error with getting a user's followers from db: sql: no rows in result set"
time=2024-07-15T15:17:08.163+05:00 level=ERROR msg="error with getting a user's followers from db: sql: no rows in result set"
[0;38;5;244m2024-08-07T22:09:41.596+0500[0m [0;32mINFO[0m [0;34m(auth_service)[0m [0;32m!!!! INTERNAL SERVER ERROR[0m[0;34m (handler/handler.go:39)[0m[0;38;5;244m {"msg": "Error while checking email and password is valid and strong", "status": 400, "Error": "password ning uzunligi 8 ta belgidan kam bo'lmasligi kerak"}[0m
[0;38;5;244m2024-08-07T22:09:56.559+0500[0m [0;32mINFO[0m [0;34m(auth_service)[0m [0;32m!!!! INTERNAL SERVER ERROR[0m[0;34m (handler/handler.go:39)[0m[0;38;5;244m {"msg": "Error while checking email and password is valid and strong", "status": 400, "Error": "passwordda kamida 1 ta katta harf bo'lishi kerak"}[0m
[0;38;5;244m2024-08-07T22:10:06.347+0500[0m [0;32mINFO[0m [0;34m(auth_service)[0m [0;32m!!!! BAD REQUEST[0m[0;34m (handler/handler.go:36)[0m[0;38;5;244m {"msg": "Error with register User", "status": 500, "Error": "expected 6 arguments, got 5"}[0m
[0;38;5;244m2024-08-07T22:15:50.949+0500[0m [0;32mINFO[0m [0;34m(auth_service)[0m [0;32m!!!! BAD REQUEST[0m[0;34m (handler/handler.go:36)[0m[0;38;5;244m {"msg": "Error with register User", "status": 500, "Error": "ERROR: time zone displacement out of range: \"2024-08-07 22:15-50\" (SQLSTATE 22009)"}[0m
[0;38;5;244m2024-08-07T22:16:04.648+0500[0m [0;32mINFO[0m [0;34m(auth_service)[0m [0;32m!!!! BAD REQUEST[0m[0;34m (handler/handler.go:36)[0m[0;38;5;244m {"msg": "Error with register User", "status": 500, "Error": "ERROR: duplicate key value violates unique constraint \"users_username_key\" (SQLSTATE 23505)"}[0m
[0;38;5;244m2024-08-07T22:16:16.417+0500[0m [0;32mINFO[0m [0;34m(auth_service)[0m [0;32m!!!! BAD REQUEST[0m[0;34m (handler/handler.go:36)[0m[0;38;5;244m {"msg": "Error with register User", "status": 500, "Error": "ERROR: time zone displacement out of range: \"2024-08-07 22:16-16\" (SQLSTATE 22009)"}[0m
[0;38;5;244m2024-08-07T22:16:22.920+0500[0m [0;32mINFO[0m [0;34m(auth_service)[0m [0;32m!!!! BAD REQUEST[0m[0;34m (handler/handler.go:36)[0m[0;38;5;244m {"msg": "Error with register User", "status": 500, "Error": "ERROR: time zone displacement out of range: \"2024-08-07 22:16-22\" (SQLSTATE 22009)"}[0m
[0;38;5;244m2024-08-07T22:16:23.673+0500[0m [0;32mINFO[0m [0;34m(auth_service)[0m [0;32m!!!! BAD REQUEST[0m[0;34m (handler/handler.go:36)[0m[0;38;5;244m {"msg": "Error with register User", "status": 500, "Error": "ERROR: time zone displacement out of range: \"2024-08-07 22:16-23\" (SQLSTATE 22009)"}[0m
[0;38;5;244m2024-08-07T22:16:24.174+0500[0m [0;32mINFO[0m [0;34m(auth_service)[0m [0;32m!!!! BAD REQUEST[0m[0;34m (handler/handler.go:36)[0m[0;38;5;244m {"msg": "Error with register User", "status": 500, "Error": "ERROR: time zone displacement out of range: \"2024-08-07 22:16-24\" (SQLSTATE 22009)"}[0m
[0;38;5;244m2024-08-07T22:16:24.542+0500[0m [0;32mINFO[0m [0;34m(auth_service)[0m [0;32m!!!! BAD REQUEST[0m[0;34m (handler/handler.go:36)[0m[0;38;5;244m {"msg": "Error with register User", "status": 500, "Error": "ERROR: time zone displacement out of range: \"2024-08-07 22:16-24\" (SQLSTATE 22009)"}[0m
[0;38;5;244m2024-08-07T22:16:25.013+0500[0m [0;32mINFO[0m [0;34m(auth_service)[0m [0;32m!!!! BAD REQUEST[0m[0;34m (handler/handler.go:36)[0m[0;38;5;244m {"msg": "Error with register User", "status": 500, "Error": "ERROR: time zone displacement out of range: \"2024-08-07 22:16-25\" (SQLSTATE 22009)"}[0m
[0;38;5;244m2024-08-07T22:16:25.411+0500[0m [0;32mINFO[0m [0;34m(auth_service)[0m [0;32m!!!! BAD REQUEST[0m[0;34m (handler/handler.go:36)[0m[0;38;5;244m {"msg": "Error with register User", "status": 500, "Error": "ERROR: time zone displacement out of range: \"2024-08-07 22:16-25\" (SQLSTATE 22009)"}[0m
[0;38;5;244m2024-08-07T22:16:25.939+0500[0m [0;32mINFO[0m [0;34m(auth_service)[0m [0;32m!!!! BAD REQUEST[0m[0;34m (handler/handler.go:36)[0m[0;38;5;244m {"msg": "Error with register User", "status": 500, "Error": "ERROR: time zone displacement out of range: \"2024-08-07 22:16-25\" (SQLSTATE 22009)"}[0m
[0;38;5;244m2024-08-07T22:18:06.167+0500[0m [0;32mINFO[0m [0;34m(auth_service)[0m [0;32m!!!! INTERNAL SERVER ERROR[0m[0;34m (handler/handler.go:39)[0m[0;38;5;244m {"msg": "error while sending message to email in service layer", "status": 400, "Error": "error while sending message to email: dial tcp: address smtp.gmail.com578: missing port in address"}[0m
[0;38;5;244m2024-08-07T22:19:34.241+0500[0m [0;32mINFO[0m [0;34m(auth_service)[0m [0;32m!!!! INTERNAL SERVER ERROR[0m[0;34m (handler/handler.go:39)[0m[0;38;5;244m {"msg": "error while sending message to email in service layer", "status": 400, "Error": "error while sending message to email: dial tcp: address smtp.gmail.com578: missing port in address"}[0m
[0;38;5;244m2024-08-07T22:19:36.771+0500[0m [0;32mINFO[0m [0;34m(auth_service)[0m [0;32m!!!! INTERNAL SERVER ERROR[0m[0;34m (handler/handler.go:39)[0m[0;38;5;244m {"msg": "error while sending message to email in service layer", "status": 400, "Error": "error while sending message to email: dial tcp: address smtp.gmail.com578: missing port in address"}[0m
[0;38;5;244m2024-08-07T22:19:37.316+0500[0m [0;32mINFO[0m [0;34m(auth_service)[0m [0;32m!!!! INTERNAL SERVER ERROR[0m[0;34m (handler/handler.go:39)[0m[0;38;5;244m {"msg": "error while sending message to email in service layer", "status": 400, "Error": "error while sending message to email: dial tcp: address smtp.gmail.com578: missing port in address"}[0m
[0;38;5;244m2024-08-07T22:19:37.498+0500[0m [0;32mINFO[0m [0;34m(auth_service)[0m [0;32m!!!! INTERNAL SERVER ERROR[0m[0;34m (handler/handler.go:39)[0m[0;38;5;244m {"msg": "error while sending message to email in service layer", "status": 400, "Error": "error while sending message to email: dial tcp: address smtp.gmail.com578: missing port in address"}[0m
[0;38;5;244m2024-08-07T22:19:37.663+0500[0m [0;32mINFO[0m [0;34m(auth_service)[0m [0;32m!!!! INTERNAL SERVER ERROR[0m[0;34m (handler/handler.go:39)[0m[0;38;5;244m {"msg": "error while sending message to email in service layer", "status": 400, "Error": "error while sending message to email: dial tcp: address smtp.gmail.com578: missing port in address"}[0m
[0;38;5;244m2024-08-07T22:19:37.828+0500[0m [0;32mINFO[0m [0;34m(auth_service)[0m [0;32m!!!! INTERNAL SERVER ERROR[0m[0;34m (handler/handler.go:39)[0m[0;38;5;244m {"msg": "error while sending message to email in service layer", "status": 400, "Error": "error while sending message to email: dial tcp: address smtp.gmail.com578: missing port in address"}[0m
[0;38;5;244m2024-08-07T22:19:38.196+0500[0m [0;32mINFO[0m [0;34m(auth_service)[0m [0;32m!!!! INTERNAL SERVER ERROR[0m[0;34m (handler/handler.go:39)[0m[0;38;5;244m {"msg": "error while sending message to email in service layer", "status": 400, "Error": "error while sending message to email: dial tcp: address smtp.gmail.com578: missing port in address"}[0m
[0;38;5;244m2024-08-07T22:19:38.365+0500[0m [0;32mINFO[0m [0;34m(auth_service)[0m [0;32m!!!! INTERNAL SERVER ERROR[0m[0;34m (handler/handler.go:39)[0m[0;38;5;244m {"msg": "error while sending message to email in service layer", "status": 400, "Error": "error while sending message to email: dial tcp: address smtp.gmail.com578: missing port in address"}[0m
[0;38;5;244m2024-08-07T22:19:38.614+0500[0m [0;32mINFO[0m [0;34m(auth_service)[0m [0;32m!!!! INTERNAL SERVER ERROR[0m[0;34m (handler/handler.go:39)[0m[0;38;5;244m {"msg": "error while sending message to email in service layer", "status": 400, "Error": "error while sending message to email: dial tcp: address smtp.gmail.com578: missing port in address"}[0m
[0;38;5;244m2024-08-07T22:20:48.456+0500[0m [0;32mINFO[0m [0;34m(auth_service)[0m [0;32m!!!! INTERNAL SERVER ERROR[0m[0;34m (handler/handler.go:39)[0m[0;38;5;244m {"msg": "error while sending message to email in service layer", "status": 400, "Error": "error while sending message to email: dial tcp: address smtp.gmail.com587: missing port in address"}[0m
[0;38;5;244m2024-08-07T22:21:20.680+0500[0m [0;32mINFO[0m [0;34m(auth_service)[0m [0;32m~~~> OK[0m[0;34m (handler/handler.go:30)[0m[0;38;5;244m {"msg": "", "status": 200}[0m
[0;38;5;244m2024-08-07T22:22:27.728+0500[0m [0;32mINFO[0m [0;34m(auth_service)[0m [0;32m!!!! INTERNAL SERVER ERROR[0m[0;34m (handler/handler.go:39)[0m[0;38;5;244m {"msg": "", "status": 400, "Error": "Password successfully reset"}[0m
[0;38;5;244m2024-08-07T22:25:03.793+0500[0m [0;32mINFO[0m [0;34m(auth_service)[0m [0;32m!!!! INTERNAL SERVER ERROR[0m[0;34m (handler/handler.go:39)[0m[0;38;5;244m {"msg": "error while taking message in redis", "status": 400, "Error": "redis: nil"}[0m
[0;38;5;244m2024-08-07T22:25:12.691+0500[0m [0;32mINFO[0m [0;34m(auth_service)[0m [0;32m!!!! INTERNAL SERVER ERROR[0m[0;34m (handler/handler.go:39)[0m[0;38;5;244m {"msg": "error while taking message in redis", "status": 400, "Error": "redis: nil"}[0m
[0;38;5;244m2024-08-07T22:25:30.327+0500[0m [0;32mINFO[0m [0;34m(auth_service)[0m [0;32m!!!! INTERNAL SERVER ERROR[0m[0;34m (handler/handler.go:39)[0m[0;38;5;244m {"msg": "error while taking message in redis", "status": 400, "Error": "redis: nil"}[0m
[0;38;5;244m2024-08-07T22:26:38.002+0500[0m [0;32mINFO[0m [0;34m(auth_service)[0m [0;32m!!!! INTERNAL SERVER ERROR[0m[0;34m (handler/handler.go:39)[0m[0;38;5;244m {"msg": "error while taking message in redis", "status": 400, "Error": "code was expired redis: nil"}[0m
[0;38;5;244m2024-08-07T22:27:57.068+0500[0m [0;32mINFO[0m [0;34m(auth_service)[0m [0;32m!!!! INTERNAL SERVER ERROR[0m[0;34m (handler/handler.go:39)[0m[0;38;5;244m {"msg": "error while taking message in redis", "status": 400, "Error": "code was expired redis: nil"}[0m
[0;38;5;244m2024-08-07T22:27:57.667+0500[0m [0;32mINFO[0m [0;34m(auth_service)[0m [0;32m!!!! INTERNAL SERVER ERROR[0m[0;34m (handler/handler.go:39)[0m[0;38;5;244m {"msg": "error while taking message in redis", "status": 400, "Error": "code was expired redis: nil"}[0m
[0;38;5;244m2024-08-07T22:27:58.087+0500[0m [0;32mINFO[0m [0;34m(auth_service)[0m [0;32m!!!! INTERNAL SERVER ERROR[0m[0;34m (handler/handler.go:39)[0m[0;38;5;244m {"msg": "error while taking message in redis", "status": 400, "Error": "code was expired redis: nil"}[0m
[0;38;5;244m2024-08-07T22:27:58.296+0500[0m [0;32mINFO[0m [0;34m(auth_service)[0m [0;32m!!!! INTERNAL SERVER ERROR[0m[0;34m (handler/handler.go:39)[0m[0;38;5;244m {"msg": "error while taking message in redis", "status": 400, "Error": "code was expired redis: nil"}[0m
[0;38;5;244m2024-08-07T22:27:58.519+0500[0m [0;32mINFO[0m [0;34m(auth_service)[0m [0;32m!!!! INTERNAL SERVER ERROR[0m[0;34m (handler/handler.go:39)[0m[0;38;5;244m {"msg": "error while taking message in redis", "status": 400, "Error": "code was expired redis: nil"}[0m
[0;38;5;244m2024-08-07T22:27:58.722+0500[0m [0;32mINFO[0m [0;34m(auth_service)[0m [0;32m!!!! INTERNAL SERVER ERROR[0m[0;34m (handler/handler.go:39)[0m[0;38;5;244m {"msg": "error while taking message in redis", "status": 400, "Error": "code was expired redis: nil"}[0m
[0;38;5;244m2024-08-07T22:27:58.907+0500[0m [0;32mINFO[0m [0;34m(auth_service)[0m [0;32m!!!! INTERNAL SERVER ERROR[0m[0;34m (handler/handler.go:39)[0m[0;38;5;244m {"msg": "error while taking message in redis", "status": 400, "Error": "code was expired redis: nil"}[0m
[0;38;5;244m2024-08-07T22:29:24.027+0500[0m [0;32mINFO[0m [0;34m(auth_service)[0m [0;32m!!!! INTERNAL SERVER ERROR[0m[0;34m (handler/handler.go:39)[0m[0;38;5;244m {"msg": "error while taking message in redis", "status": 400, "Error": "code was expired redis: nil"}[0m
[0;38;5;244m2024-08-07T22:29:34.106+0500[0m [0;32mINFO[0m [0;34m(auth_service)[0m [0;32m~~~> OK[0m[0;34m (handler/handler.go:30)[0m[0;38;5;244m {"msg": "", "status": 200}[0m
[0;38;5;244m2024-08-07T22:30:11.156+0500[0m [0;32mINFO[0m [0;34m(auth_service)[0m [0;32m!!!! INTERNAL SERVER ERROR[0m[0;34m (handler/handler.go:39)[0m[0;38;5;244m {"msg": "code is not correct", "status": 400, "Error": "code is not correct"}[0m
[0;38;5;244m2024-08-07T22:30:17.916+0500[0m [0;32mINFO[0m [0;34m(auth_service)[0m [0;32m~~~> OK[0m[0;34m (handler/handler.go:30)[0m[0;38;5;244m {"msg": "", "status": 200}[0m
